<?xml version="1.0" encoding="UTF-8"?>
<!-- Generated by org.testng.reporters.JUnitXMLReporter -->
<testsuite ignored="1" hostname="LAPTOP-LRNS79PC" failures="0" tests="1" name="Test" time="39.426" errors="0" timestamp="2022-08-31T16:58:51 CDT">
  <testcase classname="com.selfmwk.testCases.TestCases" name="FreeCoursesNarrowByResultsCorrectCount" time="31.348"/>
  <testcase classname="com.selfmwk.pages.BaseClass" name="@BeforeSuite setUpSuite" time="0.0">
    <ignored/>
  </testcase> <!-- @BeforeSuite setUpSuite -->
</testsuite> <!-- Test -->
